1643535662523:help
1643535668048:get_genres
1643535684265:get_authors
1643571229497:stacktrace
1643646525638:get_genres
1643667049012:get_authors
1643667060431:get_genres
1643667077135:get_books
1643668596840:get_authors
1643668769511:add_author aaa
1643668774405:help
1643668782982:ins_author aaa
1643670266960:get_genres
1643670335760:help
1643743214670:gag
1643745007197:aa ffffff
1643745033455:gaa
1643832712301:help
1643832718587:aa ddd
1643832751460:gaa
1643832759440:gag
1643832767333:gab
1643832818696:stacktrace
1643833091103:aa aaa
1644172690119:help
1644172704979:gaa
1645560036978:gag
1645560041150:gaa
1645560055374:gab
1645621612575:ac 2 wow
1645621633832:stacktrace
1645621659632:aa Nosov
1645621761736:gac 2
